<?xml version="1.0" encoding="UTF-8"?>
<testsuite xmlns:xsi="http://www.w3.org/2001/XMLSchema-instance" xsi:noNamespaceSchemaLocation="https://maven.apache.org/surefire/maven-surefire-plugin/xsd/surefire-test-report.xsd" name="petstore.automation.AppTest" time="11.34" tests="1" errors="0" skipped="0" failures="0">
  <properties>
    <property name="java.specification.version" value="13"/>
    <property name="sun.management.compiler" value="HotSpot 64-Bit Tiered Compilers"/>
    <property name="sun.jnu.encoding" value="UTF-8"/>
    <property name="java.runtime.version" value="13.0.2+8"/>
    <property name="java.class.path" value="/mnt/c/Users/chtrembl/dev/git/azure-cloud/petstore/petstoreautomation/target/test-classes:/mnt/c/Users/chtrembl/dev/git/azure-cloud/petstore/petstoreautomation/target/classes:/home/chtrembl/.m2/repository/org/seleniumhq/selenium/selenium-htmlunit-driver/2.52.0/selenium-htmlunit-driver-2.52.0.jar:/home/chtrembl/.m2/repository/org/seleniumhq/selenium/selenium-support/2.52.0/selenium-support-2.52.0.jar:/home/chtrembl/.m2/repository/org/seleniumhq/selenium/selenium-remote-driver/2.52.0/selenium-remote-driver-2.52.0.jar:/home/chtrembl/.m2/repository/cglib/cglib-nodep/2.1_3/cglib-nodep-2.1_3.jar:/home/chtrembl/.m2/repository/com/google/code/gson/gson/2.3.1/gson-2.3.1.jar:/home/chtrembl/.m2/repository/org/seleniumhq/selenium/selenium-api/2.52.0/selenium-api-2.52.0.jar:/home/chtrembl/.m2/repository/com/google/guava/guava/19.0/guava-19.0.jar:/home/chtrembl/.m2/repository/org/apache/commons/commons-exec/1.3/commons-exec-1.3.jar:/home/chtrembl/.m2/repository/net/java/dev/jna/jna/4.1.0/jna-4.1.0.jar:/home/chtrembl/.m2/repository/net/java/dev/jna/jna-platform/4.1.0/jna-platform-4.1.0.jar:/home/chtrembl/.m2/repository/net/sourceforge/htmlunit/htmlunit/2.18/htmlunit-2.18.jar:/home/chtrembl/.m2/repository/xalan/xalan/2.7.2/xalan-2.7.2.jar:/home/chtrembl/.m2/repository/xalan/serializer/2.7.2/serializer-2.7.2.jar:/home/chtrembl/.m2/repository/org/apache/commons/commons-lang3/3.4/commons-lang3-3.4.jar:/home/chtrembl/.m2/repository/org/apache/httpcomponents/httpmime/4.5/httpmime-4.5.jar:/home/chtrembl/.m2/repository/commons-codec/commons-codec/1.10/commons-codec-1.10.jar:/home/chtrembl/.m2/repository/net/sourceforge/htmlunit/htmlunit-core-js/2.17/htmlunit-core-js-2.17.jar:/home/chtrembl/.m2/repository/xerces/xercesImpl/2.11.0/xercesImpl-2.11.0.jar:/home/chtrembl/.m2/repository/xml-apis/xml-apis/1.4.01/xml-apis-1.4.01.jar:/home/chtrembl/.m2/repository/net/sourceforge/nekohtml/nekohtml/1.9.22/nekohtml-1.9.22.jar:/home/chtrembl/.m2/repository/net/sourceforge/cssparser/cssparser/0.9.16/cssparser-0.9.16.jar:/home/chtrembl/.m2/repository/org/w3c/css/sac/1.3/sac-1.3.jar:/home/chtrembl/.m2/repository/commons-io/commons-io/2.4/commons-io-2.4.jar:/home/chtrembl/.m2/repository/commons-logging/commons-logging/1.2/commons-logging-1.2.jar:/home/chtrembl/.m2/repository/org/eclipse/jetty/websocket/websocket-client/9.2.12.v20150709/websocket-client-9.2.12.v20150709.jar:/home/chtrembl/.m2/repository/org/eclipse/jetty/jetty-util/9.2.12.v20150709/jetty-util-9.2.12.v20150709.jar:/home/chtrembl/.m2/repository/org/eclipse/jetty/jetty-io/9.2.12.v20150709/jetty-io-9.2.12.v20150709.jar:/home/chtrembl/.m2/repository/org/eclipse/jetty/websocket/websocket-common/9.2.12.v20150709/websocket-common-9.2.12.v20150709.jar:/home/chtrembl/.m2/repository/org/eclipse/jetty/websocket/websocket-api/9.2.12.v20150709/websocket-api-9.2.12.v20150709.jar:/home/chtrembl/.m2/repository/commons-collections/commons-collections/3.2.2/commons-collections-3.2.2.jar:/home/chtrembl/.m2/repository/org/apache/httpcomponents/httpclient/4.5.1/httpclient-4.5.1.jar:/home/chtrembl/.m2/repository/org/apache/httpcomponents/httpcore/4.4.3/httpcore-4.4.3.jar:/home/chtrembl/.m2/repository/junit/junit/4.11/junit-4.11.jar:/home/chtrembl/.m2/repository/org/hamcrest/hamcrest-core/1.3/hamcrest-core-1.3.jar:"/>
    <property name="user.name" value="chtrembl"/>
    <property name="java.vm.vendor" value="Oracle Corporation"/>
    <property name="path.separator" value=":"/>
    <property name="sun.arch.data.model" value="64"/>
    <property name="os.version" value="5.10.16.3-microsoft-standard-WSL2"/>
    <property name="java.runtime.name" value="OpenJDK Runtime Environment"/>
    <property name="file.encoding" value="UTF-8"/>
    <property name="java.vendor.url" value="https://java.oracle.com/"/>
    <property name="java.vm.name" value="OpenJDK 64-Bit Server VM"/>
    <property name="java.vm.specification.version" value="13"/>
    <property name="os.name" value="Linux"/>
    <property name="sun.java.launcher" value="SUN_STANDARD"/>
    <property name="localRepository" value="/home/chtrembl/.m2/repository"/>
    <property name="sun.boot.library.path" value="/mnt/c/Users/chtrembl/dev/tools/linux/java/jdk-13.0.2/lib"/>
    <property name="sun.java.command" value="/mnt/c/Users/chtrembl/dev/git/azure-cloud/petstore/petstoreautomation/target/surefire/surefirebooter11303899503880501333.jar /mnt/c/Users/chtrembl/dev/git/azure-cloud/petstore/petstoreautomation/target/surefire 2021-08-03T16-15-29_998-jvmRun1 surefire16787631042769033743tmp surefire_014537317271473664122tmp"/>
    <property name="java.vendor.url.bug" value="https://bugreport.java.com/bugreport/"/>
    <property name="java.io.tmpdir" value="/tmp"/>
    <property name="jdk.debug" value="release"/>
    <property name="surefire.test.class.path" value="/mnt/c/Users/chtrembl/dev/git/azure-cloud/petstore/petstoreautomation/target/test-classes:/mnt/c/Users/chtrembl/dev/git/azure-cloud/petstore/petstoreautomation/target/classes:/home/chtrembl/.m2/repository/org/seleniumhq/selenium/selenium-htmlunit-driver/2.52.0/selenium-htmlunit-driver-2.52.0.jar:/home/chtrembl/.m2/repository/org/seleniumhq/selenium/selenium-support/2.52.0/selenium-support-2.52.0.jar:/home/chtrembl/.m2/repository/org/seleniumhq/selenium/selenium-remote-driver/2.52.0/selenium-remote-driver-2.52.0.jar:/home/chtrembl/.m2/repository/cglib/cglib-nodep/2.1_3/cglib-nodep-2.1_3.jar:/home/chtrembl/.m2/repository/com/google/code/gson/gson/2.3.1/gson-2.3.1.jar:/home/chtrembl/.m2/repository/org/seleniumhq/selenium/selenium-api/2.52.0/selenium-api-2.52.0.jar:/home/chtrembl/.m2/repository/com/google/guava/guava/19.0/guava-19.0.jar:/home/chtrembl/.m2/repository/org/apache/commons/commons-exec/1.3/commons-exec-1.3.jar:/home/chtrembl/.m2/repository/net/java/dev/jna/jna/4.1.0/jna-4.1.0.jar:/home/chtrembl/.m2/repository/net/java/dev/jna/jna-platform/4.1.0/jna-platform-4.1.0.jar:/home/chtrembl/.m2/repository/net/sourceforge/htmlunit/htmlunit/2.18/htmlunit-2.18.jar:/home/chtrembl/.m2/repository/xalan/xalan/2.7.2/xalan-2.7.2.jar:/home/chtrembl/.m2/repository/xalan/serializer/2.7.2/serializer-2.7.2.jar:/home/chtrembl/.m2/repository/org/apache/commons/commons-lang3/3.4/commons-lang3-3.4.jar:/home/chtrembl/.m2/repository/org/apache/httpcomponents/httpmime/4.5/httpmime-4.5.jar:/home/chtrembl/.m2/repository/commons-codec/commons-codec/1.10/commons-codec-1.10.jar:/home/chtrembl/.m2/repository/net/sourceforge/htmlunit/htmlunit-core-js/2.17/htmlunit-core-js-2.17.jar:/home/chtrembl/.m2/repository/xerces/xercesImpl/2.11.0/xercesImpl-2.11.0.jar:/home/chtrembl/.m2/repository/xml-apis/xml-apis/1.4.01/xml-apis-1.4.01.jar:/home/chtrembl/.m2/repository/net/sourceforge/nekohtml/nekohtml/1.9.22/nekohtml-1.9.22.jar:/home/chtrembl/.m2/repository/net/sourceforge/cssparser/cssparser/0.9.16/cssparser-0.9.16.jar:/home/chtrembl/.m2/repository/org/w3c/css/sac/1.3/sac-1.3.jar:/home/chtrembl/.m2/repository/commons-io/commons-io/2.4/commons-io-2.4.jar:/home/chtrembl/.m2/repository/commons-logging/commons-logging/1.2/commons-logging-1.2.jar:/home/chtrembl/.m2/repository/org/eclipse/jetty/websocket/websocket-client/9.2.12.v20150709/websocket-client-9.2.12.v20150709.jar:/home/chtrembl/.m2/repository/org/eclipse/jetty/jetty-util/9.2.12.v20150709/jetty-util-9.2.12.v20150709.jar:/home/chtrembl/.m2/repository/org/eclipse/jetty/jetty-io/9.2.12.v20150709/jetty-io-9.2.12.v20150709.jar:/home/chtrembl/.m2/repository/org/eclipse/jetty/websocket/websocket-common/9.2.12.v20150709/websocket-common-9.2.12.v20150709.jar:/home/chtrembl/.m2/repository/org/eclipse/jetty/websocket/websocket-api/9.2.12.v20150709/websocket-api-9.2.12.v20150709.jar:/home/chtrembl/.m2/repository/commons-collections/commons-collections/3.2.2/commons-collections-3.2.2.jar:/home/chtrembl/.m2/repository/org/apache/httpcomponents/httpclient/4.5.1/httpclient-4.5.1.jar:/home/chtrembl/.m2/repository/org/apache/httpcomponents/httpcore/4.4.3/httpcore-4.4.3.jar:/home/chtrembl/.m2/repository/junit/junit/4.11/junit-4.11.jar:/home/chtrembl/.m2/repository/org/hamcrest/hamcrest-core/1.3/hamcrest-core-1.3.jar:"/>
    <property name="sun.cpu.endian" value="little"/>
    <property name="java.version" value="13.0.2"/>
    <property name="user.home" value="/home/chtrembl"/>
    <property name="user.dir" value="/mnt/c/Users/chtrembl/dev/git/azure-cloud/petstore/petstoreautomation"/>
    <property name="os.arch" value="amd64"/>
    <property name="user.language" value="en"/>
    <property name="java.specification.vendor" value="Oracle Corporation"/>
    <property name="java.vm.specification.name" value="Java Virtual Machine Specification"/>
    <property name="java.version.date" value="2020-01-14"/>
    <property name="java.home" value="/mnt/c/Users/chtrembl/dev/tools/linux/java/jdk-13.0.2"/>
    <property name="file.separator" value="/"/>
    <property name="basedir" value="/mnt/c/Users/chtrembl/dev/git/azure-cloud/petstore/petstoreautomation"/>
    <property name="java.vm.compressedOopsMode" value="32-bit"/>
    <property name="line.separator" value="&#10;"/>
    <property name="java.library.path" value="/usr/java/packages/lib:/usr/lib64:/lib64:/lib:/usr/lib"/>
    <property name="java.vm.info" value="mixed mode, sharing"/>
    <property name="java.vm.specification.vendor" value="Oracle Corporation"/>
    <property name="java.specification.name" value="Java Platform API Specification"/>
    <property name="java.vendor" value="Oracle Corporation"/>
    <property name="java.vm.version" value="13.0.2+8"/>
    <property name="sun.io.unicode.encoding" value="UnicodeLittle"/>
    <property name="java.class.version" value="57.0"/>
    <property name="surefire.real.class.path" value="/mnt/c/Users/chtrembl/dev/git/azure-cloud/petstore/petstoreautomation/target/surefire/surefirebooter11303899503880501333.jar"/>
  </properties>
  <testcase name="shouldAnswerWithTrue" classname="petstore.automation.AppTest" time="8.58"/>
</testsuite>